<?xml version="1.0" encoding="UTF-8"?>
<!-- Generated by org.testng.reporters.JUnitReportReporter -->
<testsuite skipped="0" hostname="Niku" name="com.testing.AppTest" tests="2" failures="0" timestamp="2020-03-10T13:31:01 EDT" time="68.594" errors="0">
  <testcase name="MarkedReadEmailToUnreademail" time="33.514" classname="com.testing.AppTest"/>
  <testcase name="MarkedUnreademailToReadEmail" time="35.080" classname="com.testing.AppTest"/>
</testsuite> <!-- com.testing.AppTest -->
